<?xml version="1.0" encoding="UTF-8"?>
<!-- Generated by org.testng.reporters.JUnitReportReporter -->
<testsuite hostname="MOHITKWATRA" failures="0" tests="2" name="blisspadsAutomation.TestCase.TestCase" time="49.508" errors="0" timestamp="2025-08-18T16:50:02 IST" skipped="0">
  <testcase classname="blisspadsAutomation.TestCase.TestCase" name="submitOrder" time="18.886"/>
  <testcase classname="blisspadsAutomation.TestCase.TestCase" name="submitOrder" time="30.622"/>
</testsuite> <!-- blisspadsAutomation.TestCase.TestCase -->
